<?xml version="1.0" encoding="UTF-8"?>
<testsuite name="CinemaTests" tests="1" skipped="0" failures="0" errors="0" timestamp="2021-03-21T18:20:26" hostname="Pixel" time="0.915">
  <properties/>
  <testcase name="start" classname="CinemaTests" time="0.915"/>
  <system-out><![CDATA[?[1;31m
Start test 1?[0m
Enter the number of rows:
> 7
Enter the number of seats in each row:
> 8
    
1. Show the seats
2. Buy a ticket
3. Statistics
0. Exit
> 0
?[1;31m
Start test 2?[0m
Enter the number of rows:
> 7
Enter the number of seats in each row:
> 8
    
1. Show the seats
2. Buy a ticket
3. Statistics
0. Exit
> 1
 
Cinema:
  1 2 3 4 5 6 7 8 
1 S S S S S S S S 
2 S S S S S S S S 
3 S S S S S S S S 
4 S S S S S S S S 
5 S S S S S S S S 
6 S S S S S S S S 
7 S S S S S S S S 
    
1. Show the seats
2. Buy a ticket
3. Statistics
0. Exit
Enter the number of rows:
> 2
Enter the number of seats in each row:
> 2
    
1. Show the seats
2. Buy a ticket
3. Statistics
0. Exit
> 1
 
Cinema:
  1 2 
1 S S 
2 S S 
    
1. Show the seats
2. Buy a ticket
3. Statistics
0. Exit
Enter the number of rows:
> 9
Enter the number of seats in each row:
> 9
    
1. Show the seats
2. Buy a ticket
3. Statistics
0. Exit
> 1
 
Cinema:
  1 2 3 4 5 6 7 8 9 
1 S S S S S S S S S 
2 S S S S S S S S S 
3 S S S S S S S S S 
4 S S S S S S S S S 
5 S S S S S S S S S 
6 S S S S S S S S S 
7 S S S S S S S S S 
8 S S S S S S S S S 
9 S S S S S S S S S 
    
1. Show the seats
2. Buy a ticket
3. Statistics
0. Exit
> 0
?[1;31m
Start test 3?[0m
Enter the number of rows:
> 7
Enter the number of seats in each row:
> 8
    
1. Show the seats
2. Buy a ticket
3. Statistics
0. Exit
> 2
Enter a row number:
> 2
Enter a seat number in that row:
> 4
row: 2/7, seat: 4/8
Ticket price: $10 
Cinema:
  1 2 3 4 5 6 7 8 
1 S S S S S S S S 
2 S S S B S S S S 
3 S S S S S S S S 
4 S S S S S S S S 
5 S S S S S S S S 
6 S S S S S S S S 
7 S S S S S S S S 
    
1. Show the seats
2. Buy a ticket
3. Statistics
0. Exit
> 1
 
Cinema:
  1 2 3 4 5 6 7 8 
1 S S S S S S S S 
2 S S S B S S S S 
3 S S S S S S S S 
4 S S S S S S S S 
5 S S S S S S S S 
6 S S S S S S S S 
7 S S S S S S S S 
    
1. Show the seats
2. Buy a ticket
3. Statistics
0. Exit
> 2
Enter a row number:
> 3
Enter a seat number in that row:
> 5
row: 3/7, seat: 5/8
Ticket price: $10 
Cinema:
  1 2 3 4 5 6 7 8 
1 S S S S S S S S 
2 S S S B S S S S 
3 S S S S B S S S 
4 S S S S S S S S 
5 S S S S S S S S 
6 S S S S S S S S 
7 S S S S S S S S 
    
1. Show the seats
2. Buy a ticket
3. Statistics
0. Exit
> 1
 
Cinema:
  1 2 3 4 5 6 7 8 
1 S S S S S S S S 
2 S S S B S S S S 
3 S S S S B S S S 
4 S S S S S S S S 
5 S S S S S S S S 
6 S S S S S S S S 
7 S S S S S S S S 
    
1. Show the seats
2. Buy a ticket
3. Statistics
0. Exit
?[1;31m
Start test 4?[0m
Enter the number of rows:
> 9
Enter the number of seats in each row:
> 9
    
1. Show the seats
2. Buy a ticket
3. Statistics
0. Exit
> 2
Enter a row number:
> 1
Enter a seat number in that row:
> 1
row: 1/9, seat: 1/9
Ticket price: $10 
Cinema:
  1 2 3 4 5 6 7 8 9 
1 B S S S S S S S S 
2 S S S S S S S S S 
3 S S S S S S S S S 
4 S S S S S S S S S 
5 S S S S S S S S S 
6 S S S S S S S S S 
7 S S S S S S S S S 
8 S S S S S S S S S 
9 S S S S S S S S S 
    
1. Show the seats
2. Buy a ticket
3. Statistics
0. Exit
> 2
Enter a row number:
> 4
Enter a seat number in that row:
> 5
row: 4/9, seat: 5/9
Ticket price: $10 
Cinema:
  1 2 3 4 5 6 7 8 9 
1 B S S S S S S S S 
2 S S S S S S S S S 
3 S S S S S S S S S 
4 S S S S B S S S S 
5 S S S S S S S S S 
6 S S S S S S S S S 
7 S S S S S S S S S 
8 S S S S S S S S S 
9 S S S S S S S S S 
    
1. Show the seats
2. Buy a ticket
3. Statistics
0. Exit
> 1
 
Cinema:
  1 2 3 4 5 6 7 8 9 
1 B S S S S S S S S 
2 S S S S S S S S S 
3 S S S S S S S S S 
4 S S S S B S S S S 
5 S S S S S S S S S 
6 S S S S S S S S S 
7 S S S S S S S S S 
8 S S S S S S S S S 
9 S S S S S S S S S 
    
1. Show the seats
2. Buy a ticket
3. Statistics
0. Exit
> 2
Enter a row number:
> 5
Enter a seat number in that row:
> 5
row: 5/9, seat: 5/9
Ticket price: $8 
Cinema:
  1 2 3 4 5 6 7 8 9 
1 B S S S S S S S S 
2 S S S S S S S S S 
3 S S S S S S S S S 
4 S S S S B S S S S 
5 S S S S B S S S S 
6 S S S S S S S S S 
7 S S S S S S S S S 
8 S S S S S S S S S 
9 S S S S S S S S S 
    
1. Show the seats
2. Buy a ticket
3. Statistics
0. Exit
> 1
 
Cinema:
  1 2 3 4 5 6 7 8 9 
1 B S S S S S S S S 
2 S S S S S S S S S 
3 S S S S S S S S S 
4 S S S S B S S S S 
5 S S S S B S S S S 
6 S S S S S S S S S 
7 S S S S S S S S S 
8 S S S S S S S S S 
9 S S S S S S S S S 
    
1. Show the seats
2. Buy a ticket
3. Statistics
0. Exit
> 2
Enter a row number:
> 6
Enter a seat number in that row:
> 6
row: 6/9, seat: 6/9
Ticket price: $8 
Cinema:
  1 2 3 4 5 6 7 8 9 
1 B S S S S S S S S 
2 S S S S S S S S S 
3 S S S S S S S S S 
4 S S S S B S S S S 
5 S S S S B S S S S 
6 S S S S S B S S S 
7 S S S S S S S S S 
8 S S S S S S S S S 
9 S S S S S S S S S 
    
1. Show the seats
2. Buy a ticket
3. Statistics
0. Exit
> 1
 
Cinema:
  1 2 3 4 5 6 7 8 9 
1 B S S S S S S S S 
2 S S S S S S S S S 
3 S S S S S S S S S 
4 S S S S B S S S S 
5 S S S S B S S S S 
6 S S S S S B S S S 
7 S S S S S S S S S 
8 S S S S S S S S S 
9 S S S S S S S S S 
    
1. Show the seats
2. Buy a ticket
3. Statistics
0. Exit
?[1;31m
Start test 5?[0m
Enter the number of rows:
> 9
Enter the number of seats in each row:
> 9
    
1. Show the seats
2. Buy a ticket
3. Statistics
0. Exit
> 2
Enter a row number:
> 1
Enter a seat number in that row:
> 1
row: 1/9, seat: 1/9
Ticket price: $10 
Cinema:
  1 2 3 4 5 6 7 8 9 
1 B S S S S S S S S 
2 S S S S S S S S S 
3 S S S S S S S S S 
4 S S S S S S S S S 
5 S S S S S S S S S 
6 S S S S S S S S S 
7 S S S S S S S S S 
8 S S S S S S S S S 
9 S S S S S S S S S 
    
1. Show the seats
2. Buy a ticket
3. Statistics
0. Exit
> 2
Enter a row number:
> 1
Enter a seat number in that row:
> 1
That ticket has already been purchased!
Enter a row number:
> 9
Enter a seat number in that row:
> 5
row: 9/9, seat: 5/9
Ticket price: $8 
Cinema:
  1 2 3 4 5 6 7 8 9 
1 B S S S S S S S S 
2 S S S S S S S S S 
3 S S S S S S S S S 
4 S S S S S S S S S 
5 S S S S S S S S S 
6 S S S S S S S S S 
7 S S S S S S S S S 
8 S S S S S S S S S 
9 S S S S B S S S S 
    
1. Show the seats
2. Buy a ticket
3. Statistics
0. Exit
> 2
Enter a row number:
> 9
Enter a seat number in that row:
> 5
That ticket has already been purchased!
Enter a row number:
> 2
Enter a seat number in that row:
> 3
row: 2/9, seat: 3/9
Ticket price: $10 
Cinema:
  1 2 3 4 5 6 7 8 9 
1 B S S S S S S S S 
2 S S B S S S S S S 
3 S S S S S S S S S 
4 S S S S S S S S S 
5 S S S S S S S S S 
6 S S S S S S S S S 
7 S S S S S S S S S 
8 S S S S S S S S S 
9 S S S S B S S S S 
    
1. Show the seats
2. Buy a ticket
3. Statistics
0. Exit
> 2
Enter a row number:
> 10
Enter a seat number in that row:
> 1
Wrong input!
Enter a row number:
> 5
Enter a seat number in that row:
> 10
Wrong input!
Enter a row number:
> -5
Enter a seat number in that row:
> 12
Wrong input!
Enter a row number:
> 5
Enter a seat number in that row:
> 5
row: 5/9, seat: 5/9
Ticket price: $8 
Cinema:
  1 2 3 4 5 6 7 8 9 
1 B S S S S S S S S 
2 S S B S S S S S S 
3 S S S S S S S S S 
4 S S S S S S S S S 
5 S S S S B S S S S 
6 S S S S S S S S S 
7 S S S S S S S S S 
8 S S S S S S S S S 
9 S S S S B S S S S 
    
1. Show the seats
2. Buy a ticket
3. Statistics
0. Exit
?[1;31m
Start test 6?[0m
Enter the number of rows:
> 9
Enter the number of seats in each row:
> 9
    
1. Show the seats
2. Buy a ticket
3. Statistics
0. Exit
> 3

Number of purchased tickets: 0
Percentage: 0.00%
Current income: $0
Total income: $720    
1. Show the seats
2. Buy a ticket
3. Statistics
0. Exit
> 2
Enter a row number:
> 1
Enter a seat number in that row:
> 7
row: 1/9, seat: 7/9
Ticket price: $10 
Cinema:
  1 2 3 4 5 6 7 8 9 
1 S S S S S S B S S 
2 S S S S S S S S S 
3 S S S S S S S S S 
4 S S S S S S S S S 
5 S S S S S S S S S 
6 S S S S S S S S S 
7 S S S S S S S S S 
8 S S S S S S S S S 
9 S S S S S S S S S 
    
1. Show the seats
2. Buy a ticket
3. Statistics
0. Exit
> 2
Enter a row number:
> 1
Enter a seat number in that row:
> 8
row: 1/9, seat: 8/9
Ticket price: $10 
Cinema:
  1 2 3 4 5 6 7 8 9 
1 S S S S S S B B S 
2 S S S S S S S S S 
3 S S S S S S S S S 
4 S S S S S S S S S 
5 S S S S S S S S S 
6 S S S S S S S S S 
7 S S S S S S S S S 
8 S S S S S S S S S 
9 S S S S S S S S S 
    
1. Show the seats
2. Buy a ticket
3. Statistics
0. Exit
> 2
Enter a row number:
> 1
Enter a seat number in that row:
> 9
row: 1/9, seat: 9/9
Ticket price: $10 
Cinema:
  1 2 3 4 5 6 7 8 9 
1 S S S S S S B B B 
2 S S S S S S S S S 
3 S S S S S S S S S 
4 S S S S S S S S S 
5 S S S S S S S S S 
6 S S S S S S S S S 
7 S S S S S S S S S 
8 S S S S S S S S S 
9 S S S S S S S S S 
    
1. Show the seats
2. Buy a ticket
3. Statistics
0. Exit
> 3

Number of purchased tickets: 3
Percentage: 3.70%
Current income: $30
Total income: $720    
1. Show the seats
2. Buy a ticket
3. Statistics
0. Exit
> 2
Enter a row number:
> 9
Enter a seat number in that row:
> 1
row: 9/9, seat: 1/9
Ticket price: $8 
Cinema:
  1 2 3 4 5 6 7 8 9 
1 S S S S S S B B B 
2 S S S S S S S S S 
3 S S S S S S S S S 
4 S S S S S S S S S 
5 S S S S S S S S S 
6 S S S S S S S S S 
7 S S S S S S S S S 
8 S S S S S S S S S 
9 B S S S S S S S S 
    
1. Show the seats
2. Buy a ticket
3. Statistics
0. Exit
> 2
Enter a row number:
> 9
Enter a seat number in that row:
> 2
row: 9/9, seat: 2/9
Ticket price: $8 
Cinema:
  1 2 3 4 5 6 7 8 9 
1 S S S S S S B B B 
2 S S S S S S S S S 
3 S S S S S S S S S 
4 S S S S S S S S S 
5 S S S S S S S S S 
6 S S S S S S S S S 
7 S S S S S S S S S 
8 S S S S S S S S S 
9 B B S S S S S S S 
    
1. Show the seats
2. Buy a ticket
3. Statistics
0. Exit
> 2
Enter a row number:
> 9
Enter a seat number in that row:
> 3
row: 9/9, seat: 3/9
Ticket price: $8 
Cinema:
  1 2 3 4 5 6 7 8 9 
1 S S S S S S B B B 
2 S S S S S S S S S 
3 S S S S S S S S S 
4 S S S S S S S S S 
5 S S S S S S S S S 
6 S S S S S S S S S 
7 S S S S S S S S S 
8 S S S S S S S S S 
9 B B B S S S S S S 
    
1. Show the seats
2. Buy a ticket
3. Statistics
0. Exit
> 3

Number of purchased tickets: 6
Percentage: 7.41%
Current income: $54
Total income: $720    
1. Show the seats
2. Buy a ticket
3. Statistics
0. Exit
> 2
Enter a row number:
> 2
Enter a seat number in that row:
> 1
row: 2/9, seat: 1/9
Ticket price: $10 
Cinema:
  1 2 3 4 5 6 7 8 9 
1 S S S S S S B B B 
2 B S S S S S S S S 
3 S S S S S S S S S 
4 S S S S S S S S S 
5 S S S S S S S S S 
6 S S S S S S S S S 
7 S S S S S S S S S 
8 S S S S S S S S S 
9 B B B S S S S S S 
    
1. Show the seats
2. Buy a ticket
3. Statistics
0. Exit
> 2
Enter a row number:
> 2
Enter a seat number in that row:
> 2
row: 2/9, seat: 2/9
Ticket price: $10 
Cinema:
  1 2 3 4 5 6 7 8 9 
1 S S S S S S B B B 
2 B B S S S S S S S 
3 S S S S S S S S S 
4 S S S S S S S S S 
5 S S S S S S S S S 
6 S S S S S S S S S 
7 S S S S S S S S S 
8 S S S S S S S S S 
9 B B B S S S S S S 
    
1. Show the seats
2. Buy a ticket
3. Statistics
0. Exit
> 2
Enter a row number:
> 2
Enter a seat number in that row:
> 3
row: 2/9, seat: 3/9
Ticket price: $10 
Cinema:
  1 2 3 4 5 6 7 8 9 
1 S S S S S S B B B 
2 B B B S S S S S S 
3 S S S S S S S S S 
4 S S S S S S S S S 
5 S S S S S S S S S 
6 S S S S S S S S S 
7 S S S S S S S S S 
8 S S S S S S S S S 
9 B B B S S S S S S 
    
1. Show the seats
2. Buy a ticket
3. Statistics
0. Exit
> 2
Enter a row number:
> 2
Enter a seat number in that row:
> 4
row: 2/9, seat: 4/9
Ticket price: $10 
Cinema:
  1 2 3 4 5 6 7 8 9 
1 S S S S S S B B B 
2 B B B B S S S S S 
3 S S S S S S S S S 
4 S S S S S S S S S 
5 S S S S S S S S S 
6 S S S S S S S S S 
7 S S S S S S S S S 
8 S S S S S S S S S 
9 B B B S S S S S S 
    
1. Show the seats
2. Buy a ticket
3. Statistics
0. Exit
> 2
Enter a row number:
> 2
Enter a seat number in that row:
> 5
row: 2/9, seat: 5/9
Ticket price: $10 
Cinema:
  1 2 3 4 5 6 7 8 9 
1 S S S S S S B B B 
2 B B B B B S S S S 
3 S S S S S S S S S 
4 S S S S S S S S S 
5 S S S S S S S S S 
6 S S S S S S S S S 
7 S S S S S S S S S 
8 S S S S S S S S S 
9 B B B S S S S S S 
    
1. Show the seats
2. Buy a ticket
3. Statistics
0. Exit
> 2
Enter a row number:
> 2
Enter a seat number in that row:
> 6
row: 2/9, seat: 6/9
Ticket price: $10 
Cinema:
  1 2 3 4 5 6 7 8 9 
1 S S S S S S B B B 
2 B B B B B B S S S 
3 S S S S S S S S S 
4 S S S S S S S S S 
5 S S S S S S S S S 
6 S S S S S S S S S 
7 S S S S S S S S S 
8 S S S S S S S S S 
9 B B B S S S S S S 
    
1. Show the seats
2. Buy a ticket
3. Statistics
0. Exit
> 2
Enter a row number:
> 2
Enter a seat number in that row:
> 7
row: 2/9, seat: 7/9
Ticket price: $10 
Cinema:
  1 2 3 4 5 6 7 8 9 
1 S S S S S S B B B 
2 B B B B B B B S S 
3 S S S S S S S S S 
4 S S S S S S S S S 
5 S S S S S S S S S 
6 S S S S S S S S S 
7 S S S S S S S S S 
8 S S S S S S S S S 
9 B B B S S S S S S 
    
1. Show the seats
2. Buy a ticket
3. Statistics
0. Exit
> 2
Enter a row number:
> 2
Enter a seat number in that row:
> 8
row: 2/9, seat: 8/9
Ticket price: $10 
Cinema:
  1 2 3 4 5 6 7 8 9 
1 S S S S S S B B B 
2 B B B B B B B B S 
3 S S S S S S S S S 
4 S S S S S S S S S 
5 S S S S S S S S S 
6 S S S S S S S S S 
7 S S S S S S S S S 
8 S S S S S S S S S 
9 B B B S S S S S S 
    
1. Show the seats
2. Buy a ticket
3. Statistics
0. Exit
> 2
Enter a row number:
> 2
Enter a seat number in that row:
> 9
row: 2/9, seat: 9/9
Ticket price: $10 
Cinema:
  1 2 3 4 5 6 7 8 9 
1 S S S S S S B B B 
2 B B B B B B B B B 
3 S S S S S S S S S 
4 S S S S S S S S S 
5 S S S S S S S S S 
6 S S S S S S S S S 
7 S S S S S S S S S 
8 S S S S S S S S S 
9 B B B S S S S S S 
    
1. Show the seats
2. Buy a ticket
3. Statistics
0. Exit
> 2
Enter a row number:
> 3
Enter a seat number in that row:
> 1
row: 3/9, seat: 1/9
Ticket price: $10 
Cinema:
  1 2 3 4 5 6 7 8 9 
1 S S S S S S B B B 
2 B B B B B B B B B 
3 B S S S S S S S S 
4 S S S S S S S S S 
5 S S S S S S S S S 
6 S S S S S S S S S 
7 S S S S S S S S S 
8 S S S S S S S S S 
9 B B B S S S S S S 
    
1. Show the seats
2. Buy a ticket
3. Statistics
0. Exit
> 2
Enter a row number:
> 3
Enter a seat number in that row:
> 2
row: 3/9, seat: 2/9
Ticket price: $10 
Cinema:
  1 2 3 4 5 6 7 8 9 
1 S S S S S S B B B 
2 B B B B B B B B B 
3 B B S S S S S S S 
4 S S S S S S S S S 
5 S S S S S S S S S 
6 S S S S S S S S S 
7 S S S S S S S S S 
8 S S S S S S S S S 
9 B B B S S S S S S 
    
1. Show the seats
2. Buy a ticket
3. Statistics
0. Exit
> 2
Enter a row number:
> 3
Enter a seat number in that row:
> 3
row: 3/9, seat: 3/9
Ticket price: $10 
Cinema:
  1 2 3 4 5 6 7 8 9 
1 S S S S S S B B B 
2 B B B B B B B B B 
3 B B B S S S S S S 
4 S S S S S S S S S 
5 S S S S S S S S S 
6 S S S S S S S S S 
7 S S S S S S S S S 
8 S S S S S S S S S 
9 B B B S S S S S S 
    
1. Show the seats
2. Buy a ticket
3. Statistics
0. Exit
> 2
Enter a row number:
> 3
Enter a seat number in that row:
> 4
row: 3/9, seat: 4/9
Ticket price: $10 
Cinema:
  1 2 3 4 5 6 7 8 9 
1 S S S S S S B B B 
2 B B B B B B B B B 
3 B B B B S S S S S 
4 S S S S S S S S S 
5 S S S S S S S S S 
6 S S S S S S S S S 
7 S S S S S S S S S 
8 S S S S S S S S S 
9 B B B S S S S S S 
    
1. Show the seats
2. Buy a ticket
3. Statistics
0. Exit
> 2
Enter a row number:
> 3
Enter a seat number in that row:
> 5
row: 3/9, seat: 5/9
Ticket price: $10 
Cinema:
  1 2 3 4 5 6 7 8 9 
1 S S S S S S B B B 
2 B B B B B B B B B 
3 B B B B B S S S S 
4 S S S S S S S S S 
5 S S S S S S S S S 
6 S S S S S S S S S 
7 S S S S S S S S S 
8 S S S S S S S S S 
9 B B B S S S S S S 
    
1. Show the seats
2. Buy a ticket
3. Statistics
0. Exit
> 2
Enter a row number:
> 3
Enter a seat number in that row:
> 6
row: 3/9, seat: 6/9
Ticket price: $10 
Cinema:
  1 2 3 4 5 6 7 8 9 
1 S S S S S S B B B 
2 B B B B B B B B B 
3 B B B B B B S S S 
4 S S S S S S S S S 
5 S S S S S S S S S 
6 S S S S S S S S S 
7 S S S S S S S S S 
8 S S S S S S S S S 
9 B B B S S S S S S 
    
1. Show the seats
2. Buy a ticket
3. Statistics
0. Exit
> 2
Enter a row number:
> 3
Enter a seat number in that row:
> 7
row: 3/9, seat: 7/9
Ticket price: $10 
Cinema:
  1 2 3 4 5 6 7 8 9 
1 S S S S S S B B B 
2 B B B B B B B B B 
3 B B B B B B B S S 
4 S S S S S S S S S 
5 S S S S S S S S S 
6 S S S S S S S S S 
7 S S S S S S S S S 
8 S S S S S S S S S 
9 B B B S S S S S S 
    
1. Show the seats
2. Buy a ticket
3. Statistics
0. Exit
> 2
Enter a row number:
> 3
Enter a seat number in that row:
> 8
row: 3/9, seat: 8/9
Ticket price: $10 
Cinema:
  1 2 3 4 5 6 7 8 9 
1 S S S S S S B B B 
2 B B B B B B B B B 
3 B B B B B B B B S 
4 S S S S S S S S S 
5 S S S S S S S S S 
6 S S S S S S S S S 
7 S S S S S S S S S 
8 S S S S S S S S S 
9 B B B S S S S S S 
    
1. Show the seats
2. Buy a ticket
3. Statistics
0. Exit
> 2
Enter a row number:
> 3
Enter a seat number in that row:
> 9
row: 3/9, seat: 9/9
Ticket price: $10 
Cinema:
  1 2 3 4 5 6 7 8 9 
1 S S S S S S B B B 
2 B B B B B B B B B 
3 B B B B B B B B B 
4 S S S S S S S S S 
5 S S S S S S S S S 
6 S S S S S S S S S 
7 S S S S S S S S S 
8 S S S S S S S S S 
9 B B B S S S S S S 
    
1. Show the seats
2. Buy a ticket
3. Statistics
0. Exit
> 2
Enter a row number:
> 4
Enter a seat number in that row:
> 1
row: 4/9, seat: 1/9
Ticket price: $10 
Cinema:
  1 2 3 4 5 6 7 8 9 
1 S S S S S S B B B 
2 B B B B B B B B B 
3 B B B B B B B B B 
4 B S S S S S S S S 
5 S S S S S S S S S 
6 S S S S S S S S S 
7 S S S S S S S S S 
8 S S S S S S S S S 
9 B B B S S S S S S 
    
1. Show the seats
2. Buy a ticket
3. Statistics
0. Exit
> 2
Enter a row number:
> 4
Enter a seat number in that row:
> 2
row: 4/9, seat: 2/9
Ticket price: $10 
Cinema:
  1 2 3 4 5 6 7 8 9 
1 S S S S S S B B B 
2 B B B B B B B B B 
3 B B B B B B B B B 
4 B B S S S S S S S 
5 S S S S S S S S S 
6 S S S S S S S S S 
7 S S S S S S S S S 
8 S S S S S S S S S 
9 B B B S S S S S S 
    
1. Show the seats
2. Buy a ticket
3. Statistics
0. Exit
> 2
Enter a row number:
> 4
Enter a seat number in that row:
> 3
row: 4/9, seat: 3/9
Ticket price: $10 
Cinema:
  1 2 3 4 5 6 7 8 9 
1 S S S S S S B B B 
2 B B B B B B B B B 
3 B B B B B B B B B 
4 B B B S S S S S S 
5 S S S S S S S S S 
6 S S S S S S S S S 
7 S S S S S S S S S 
8 S S S S S S S S S 
9 B B B S S S S S S 
    
1. Show the seats
2. Buy a ticket
3. Statistics
0. Exit
> 2
Enter a row number:
> 4
Enter a seat number in that row:
> 4
row: 4/9, seat: 4/9
Ticket price: $10 
Cinema:
  1 2 3 4 5 6 7 8 9 
1 S S S S S S B B B 
2 B B B B B B B B B 
3 B B B B B B B B B 
4 B B B B S S S S S 
5 S S S S S S S S S 
6 S S S S S S S S S 
7 S S S S S S S S S 
8 S S S S S S S S S 
9 B B B S S S S S S 
    
1. Show the seats
2. Buy a ticket
3. Statistics
0. Exit
> 2
Enter a row number:
> 4
Enter a seat number in that row:
> 5
row: 4/9, seat: 5/9
Ticket price: $10 
Cinema:
  1 2 3 4 5 6 7 8 9 
1 S S S S S S B B B 
2 B B B B B B B B B 
3 B B B B B B B B B 
4 B B B B B S S S S 
5 S S S S S S S S S 
6 S S S S S S S S S 
7 S S S S S S S S S 
8 S S S S S S S S S 
9 B B B S S S S S S 
    
1. Show the seats
2. Buy a ticket
3. Statistics
0. Exit
> 2
Enter a row number:
> 4
Enter a seat number in that row:
> 6
row: 4/9, seat: 6/9
Ticket price: $10 
Cinema:
  1 2 3 4 5 6 7 8 9 
1 S S S S S S B B B 
2 B B B B B B B B B 
3 B B B B B B B B B 
4 B B B B B B S S S 
5 S S S S S S S S S 
6 S S S S S S S S S 
7 S S S S S S S S S 
8 S S S S S S S S S 
9 B B B S S S S S S 
    
1. Show the seats
2. Buy a ticket
3. Statistics
0. Exit
> 2
Enter a row number:
> 4
Enter a seat number in that row:
> 7
row: 4/9, seat: 7/9
Ticket price: $10 
Cinema:
  1 2 3 4 5 6 7 8 9 
1 S S S S S S B B B 
2 B B B B B B B B B 
3 B B B B B B B B B 
4 B B B B B B B S S 
5 S S S S S S S S S 
6 S S S S S S S S S 
7 S S S S S S S S S 
8 S S S S S S S S S 
9 B B B S S S S S S 
    
1. Show the seats
2. Buy a ticket
3. Statistics
0. Exit
> 2
Enter a row number:
> 4
Enter a seat number in that row:
> 8
row: 4/9, seat: 8/9
Ticket price: $10 
Cinema:
  1 2 3 4 5 6 7 8 9 
1 S S S S S S B B B 
2 B B B B B B B B B 
3 B B B B B B B B B 
4 B B B B B B B B S 
5 S S S S S S S S S 
6 S S S S S S S S S 
7 S S S S S S S S S 
8 S S S S S S S S S 
9 B B B S S S S S S 
    
1. Show the seats
2. Buy a ticket
3. Statistics
0. Exit
> 2
Enter a row number:
> 4
Enter a seat number in that row:
> 9
row: 4/9, seat: 9/9
Ticket price: $10 
Cinema:
  1 2 3 4 5 6 7 8 9 
1 S S S S S S B B B 
2 B B B B B B B B B 
3 B B B B B B B B B 
4 B B B B B B B B B 
5 S S S S S S S S S 
6 S S S S S S S S S 
7 S S S S S S S S S 
8 S S S S S S S S S 
9 B B B S S S S S S 
    
1. Show the seats
2. Buy a ticket
3. Statistics
0. Exit
> 2
Enter a row number:
> 5
Enter a seat number in that row:
> 1
row: 5/9, seat: 1/9
Ticket price: $8 
Cinema:
  1 2 3 4 5 6 7 8 9 
1 S S S S S S B B B 
2 B B B B B B B B B 
3 B B B B B B B B B 
4 B B B B B B B B B 
5 B S S S S S S S S 
6 S S S S S S S S S 
7 S S S S S S S S S 
8 S S S S S S S S S 
9 B B B S S S S S S 
    
1. Show the seats
2. Buy a ticket
3. Statistics
0. Exit
> 2
Enter a row number:
> 5
Enter a seat number in that row:
> 2
row: 5/9, seat: 2/9
Ticket price: $8 
Cinema:
  1 2 3 4 5 6 7 8 9 
1 S S S S S S B B B 
2 B B B B B B B B B 
3 B B B B B B B B B 
4 B B B B B B B B B 
5 B B S S S S S S S 
6 S S S S S S S S S 
7 S S S S S S S S S 
8 S S S S S S S S S 
9 B B B S S S S S S 
    
1. Show the seats
2. Buy a ticket
3. Statistics
0. Exit
> 2
Enter a row number:
> 5
Enter a seat number in that row:
> 3
row: 5/9, seat: 3/9
Ticket price: $8 
Cinema:
  1 2 3 4 5 6 7 8 9 
1 S S S S S S B B B 
2 B B B B B B B B B 
3 B B B B B B B B B 
4 B B B B B B B B B 
5 B B B S S S S S S 
6 S S S S S S S S S 
7 S S S S S S S S S 
8 S S S S S S S S S 
9 B B B S S S S S S 
    
1. Show the seats
2. Buy a ticket
3. Statistics
0. Exit
> 2
Enter a row number:
> 5
Enter a seat number in that row:
> 4
row: 5/9, seat: 4/9
Ticket price: $8 
Cinema:
  1 2 3 4 5 6 7 8 9 
1 S S S S S S B B B 
2 B B B B B B B B B 
3 B B B B B B B B B 
4 B B B B B B B B B 
5 B B B B S S S S S 
6 S S S S S S S S S 
7 S S S S S S S S S 
8 S S S S S S S S S 
9 B B B S S S S S S 
    
1. Show the seats
2. Buy a ticket
3. Statistics
0. Exit
> 2
Enter a row number:
> 5
Enter a seat number in that row:
> 5
row: 5/9, seat: 5/9
Ticket price: $8 
Cinema:
  1 2 3 4 5 6 7 8 9 
1 S S S S S S B B B 
2 B B B B B B B B B 
3 B B B B B B B B B 
4 B B B B B B B B B 
5 B B B B B S S S S 
6 S S S S S S S S S 
7 S S S S S S S S S 
8 S S S S S S S S S 
9 B B B S S S S S S 
    
1. Show the seats
2. Buy a ticket
3. Statistics
0. Exit
> 2
Enter a row number:
> 5
Enter a seat number in that row:
> 6
row: 5/9, seat: 6/9
Ticket price: $8 
Cinema:
  1 2 3 4 5 6 7 8 9 
1 S S S S S S B B B 
2 B B B B B B B B B 
3 B B B B B B B B B 
4 B B B B B B B B B 
5 B B B B B B S S S 
6 S S S S S S S S S 
7 S S S S S S S S S 
8 S S S S S S S S S 
9 B B B S S S S S S 
    
1. Show the seats
2. Buy a ticket
3. Statistics
0. Exit
> 2
Enter a row number:
> 5
Enter a seat number in that row:
> 7
row: 5/9, seat: 7/9
Ticket price: $8 
Cinema:
  1 2 3 4 5 6 7 8 9 
1 S S S S S S B B B 
2 B B B B B B B B B 
3 B B B B B B B B B 
4 B B B B B B B B B 
5 B B B B B B B S S 
6 S S S S S S S S S 
7 S S S S S S S S S 
8 S S S S S S S S S 
9 B B B S S S S S S 
    
1. Show the seats
2. Buy a ticket
3. Statistics
0. Exit
> 2
Enter a row number:
> 5
Enter a seat number in that row:
> 8
row: 5/9, seat: 8/9
Ticket price: $8 
Cinema:
  1 2 3 4 5 6 7 8 9 
1 S S S S S S B B B 
2 B B B B B B B B B 
3 B B B B B B B B B 
4 B B B B B B B B B 
5 B B B B B B B B S 
6 S S S S S S S S S 
7 S S S S S S S S S 
8 S S S S S S S S S 
9 B B B S S S S S S 
    
1. Show the seats
2. Buy a ticket
3. Statistics
0. Exit
> 2
Enter a row number:
> 5
Enter a seat number in that row:
> 9
row: 5/9, seat: 9/9
Ticket price: $8 
Cinema:
  1 2 3 4 5 6 7 8 9 
1 S S S S S S B B B 
2 B B B B B B B B B 
3 B B B B B B B B B 
4 B B B B B B B B B 
5 B B B B B B B B B 
6 S S S S S S S S S 
7 S S S S S S S S S 
8 S S S S S S S S S 
9 B B B S S S S S S 
    
1. Show the seats
2. Buy a ticket
3. Statistics
0. Exit
> 2
Enter a row number:
> 6
Enter a seat number in that row:
> 1
row: 6/9, seat: 1/9
Ticket price: $8 
Cinema:
  1 2 3 4 5 6 7 8 9 
1 S S S S S S B B B 
2 B B B B B B B B B 
3 B B B B B B B B B 
4 B B B B B B B B B 
5 B B B B B B B B B 
6 B S S S S S S S S 
7 S S S S S S S S S 
8 S S S S S S S S S 
9 B B B S S S S S S 
    
1. Show the seats
2. Buy a ticket
3. Statistics
0. Exit
> 2
Enter a row number:
> 6
Enter a seat number in that row:
> 2
row: 6/9, seat: 2/9
Ticket price: $8 
Cinema:
  1 2 3 4 5 6 7 8 9 
1 S S S S S S B B B 
2 B B B B B B B B B 
3 B B B B B B B B B 
4 B B B B B B B B B 
5 B B B B B B B B B 
6 B B S S S S S S S 
7 S S S S S S S S S 
8 S S S S S S S S S 
9 B B B S S S S S S 
    
1. Show the seats
2. Buy a ticket
3. Statistics
0. Exit
> 2
Enter a row number:
> 6
Enter a seat number in that row:
> 3
row: 6/9, seat: 3/9
Ticket price: $8 
Cinema:
  1 2 3 4 5 6 7 8 9 
1 S S S S S S B B B 
2 B B B B B B B B B 
3 B B B B B B B B B 
4 B B B B B B B B B 
5 B B B B B B B B B 
6 B B B S S S S S S 
7 S S S S S S S S S 
8 S S S S S S S S S 
9 B B B S S S S S S 
    
1. Show the seats
2. Buy a ticket
3. Statistics
0. Exit
> 2
Enter a row number:
> 6
Enter a seat number in that row:
> 4
row: 6/9, seat: 4/9
Ticket price: $8 
Cinema:
  1 2 3 4 5 6 7 8 9 
1 S S S S S S B B B 
2 B B B B B B B B B 
3 B B B B B B B B B 
4 B B B B B B B B B 
5 B B B B B B B B B 
6 B B B B S S S S S 
7 S S S S S S S S S 
8 S S S S S S S S S 
9 B B B S S S S S S 
    
1. Show the seats
2. Buy a ticket
3. Statistics
0. Exit
> 2
Enter a row number:
> 6
Enter a seat number in that row:
> 5
row: 6/9, seat: 5/9
Ticket price: $8 
Cinema:
  1 2 3 4 5 6 7 8 9 
1 S S S S S S B B B 
2 B B B B B B B B B 
3 B B B B B B B B B 
4 B B B B B B B B B 
5 B B B B B B B B B 
6 B B B B B S S S S 
7 S S S S S S S S S 
8 S S S S S S S S S 
9 B B B S S S S S S 
    
1. Show the seats
2. Buy a ticket
3. Statistics
0. Exit
> 2
Enter a row number:
> 6
Enter a seat number in that row:
> 6
row: 6/9, seat: 6/9
Ticket price: $8 
Cinema:
  1 2 3 4 5 6 7 8 9 
1 S S S S S S B B B 
2 B B B B B B B B B 
3 B B B B B B B B B 
4 B B B B B B B B B 
5 B B B B B B B B B 
6 B B B B B B S S S 
7 S S S S S S S S S 
8 S S S S S S S S S 
9 B B B S S S S S S 
    
1. Show the seats
2. Buy a ticket
3. Statistics
0. Exit
> 2
Enter a row number:
> 6
Enter a seat number in that row:
> 7
row: 6/9, seat: 7/9
Ticket price: $8 
Cinema:
  1 2 3 4 5 6 7 8 9 
1 S S S S S S B B B 
2 B B B B B B B B B 
3 B B B B B B B B B 
4 B B B B B B B B B 
5 B B B B B B B B B 
6 B B B B B B B S S 
7 S S S S S S S S S 
8 S S S S S S S S S 
9 B B B S S S S S S 
    
1. Show the seats
2. Buy a ticket
3. Statistics
0. Exit
> 2
Enter a row number:
> 6
Enter a seat number in that row:
> 8
row: 6/9, seat: 8/9
Ticket price: $8 
Cinema:
  1 2 3 4 5 6 7 8 9 
1 S S S S S S B B B 
2 B B B B B B B B B 
3 B B B B B B B B B 
4 B B B B B B B B B 
5 B B B B B B B B B 
6 B B B B B B B B S 
7 S S S S S S S S S 
8 S S S S S S S S S 
9 B B B S S S S S S 
    
1. Show the seats
2. Buy a ticket
3. Statistics
0. Exit
> 2
Enter a row number:
> 6
Enter a seat number in that row:
> 9
row: 6/9, seat: 9/9
Ticket price: $8 
Cinema:
  1 2 3 4 5 6 7 8 9 
1 S S S S S S B B B 
2 B B B B B B B B B 
3 B B B B B B B B B 
4 B B B B B B B B B 
5 B B B B B B B B B 
6 B B B B B B B B B 
7 S S S S S S S S S 
8 S S S S S S S S S 
9 B B B S S S S S S 
    
1. Show the seats
2. Buy a ticket
3. Statistics
0. Exit
> 2
Enter a row number:
> 7
Enter a seat number in that row:
> 1
row: 7/9, seat: 1/9
Ticket price: $8 
Cinema:
  1 2 3 4 5 6 7 8 9 
1 S S S S S S B B B 
2 B B B B B B B B B 
3 B B B B B B B B B 
4 B B B B B B B B B 
5 B B B B B B B B B 
6 B B B B B B B B B 
7 B S S S S S S S S 
8 S S S S S S S S S 
9 B B B S S S S S S 
    
1. Show the seats
2. Buy a ticket
3. Statistics
0. Exit
> 2
Enter a row number:
> 7
Enter a seat number in that row:
> 2
row: 7/9, seat: 2/9
Ticket price: $8 
Cinema:
  1 2 3 4 5 6 7 8 9 
1 S S S S S S B B B 
2 B B B B B B B B B 
3 B B B B B B B B B 
4 B B B B B B B B B 
5 B B B B B B B B B 
6 B B B B B B B B B 
7 B B S S S S S S S 
8 S S S S S S S S S 
9 B B B S S S S S S 
    
1. Show the seats
2. Buy a ticket
3. Statistics
0. Exit
> 2
Enter a row number:
> 7
Enter a seat number in that row:
> 3
row: 7/9, seat: 3/9
Ticket price: $8 
Cinema:
  1 2 3 4 5 6 7 8 9 
1 S S S S S S B B B 
2 B B B B B B B B B 
3 B B B B B B B B B 
4 B B B B B B B B B 
5 B B B B B B B B B 
6 B B B B B B B B B 
7 B B B S S S S S S 
8 S S S S S S S S S 
9 B B B S S S S S S 
    
1. Show the seats
2. Buy a ticket
3. Statistics
0. Exit
> 2
Enter a row number:
> 7
Enter a seat number in that row:
> 4
row: 7/9, seat: 4/9
Ticket price: $8 
Cinema:
  1 2 3 4 5 6 7 8 9 
1 S S S S S S B B B 
2 B B B B B B B B B 
3 B B B B B B B B B 
4 B B B B B B B B B 
5 B B B B B B B B B 
6 B B B B B B B B B 
7 B B B B S S S S S 
8 S S S S S S S S S 
9 B B B S S S S S S 
    
1. Show the seats
2. Buy a ticket
3. Statistics
0. Exit
> 2
Enter a row number:
> 7
Enter a seat number in that row:
> 5
row: 7/9, seat: 5/9
Ticket price: $8 
Cinema:
  1 2 3 4 5 6 7 8 9 
1 S S S S S S B B B 
2 B B B B B B B B B 
3 B B B B B B B B B 
4 B B B B B B B B B 
5 B B B B B B B B B 
6 B B B B B B B B B 
7 B B B B B S S S S 
8 S S S S S S S S S 
9 B B B S S S S S S 
    
1. Show the seats
2. Buy a ticket
3. Statistics
0. Exit
> 2
Enter a row number:
> 7
Enter a seat number in that row:
> 6
row: 7/9, seat: 6/9
Ticket price: $8 
Cinema:
  1 2 3 4 5 6 7 8 9 
1 S S S S S S B B B 
2 B B B B B B B B B 
3 B B B B B B B B B 
4 B B B B B B B B B 
5 B B B B B B B B B 
6 B B B B B B B B B 
7 B B B B B B S S S 
8 S S S S S S S S S 
9 B B B S S S S S S 
    
1. Show the seats
2. Buy a ticket
3. Statistics
0. Exit
> 2
Enter a row number:
> 7
Enter a seat number in that row:
> 7
row: 7/9, seat: 7/9
Ticket price: $8 
Cinema:
  1 2 3 4 5 6 7 8 9 
1 S S S S S S B B B 
2 B B B B B B B B B 
3 B B B B B B B B B 
4 B B B B B B B B B 
5 B B B B B B B B B 
6 B B B B B B B B B 
7 B B B B B B B S S 
8 S S S S S S S S S 
9 B B B S S S S S S 
    
1. Show the seats
2. Buy a ticket
3. Statistics
0. Exit
> 2
Enter a row number:
> 7
Enter a seat number in that row:
> 8
row: 7/9, seat: 8/9
Ticket price: $8 
Cinema:
  1 2 3 4 5 6 7 8 9 
1 S S S S S S B B B 
2 B B B B B B B B B 
3 B B B B B B B B B 
4 B B B B B B B B B 
5 B B B B B B B B B 
6 B B B B B B B B B 
7 B B B B B B B B S 
8 S S S S S S S S S 
9 B B B S S S S S S 
    
1. Show the seats
2. Buy a ticket
3. Statistics
0. Exit
> 2
Enter a row number:
> 7
Enter a seat number in that row:
> 9
row: 7/9, seat: 9/9
Ticket price: $8 
Cinema:
  1 2 3 4 5 6 7 8 9 
1 S S S S S S B B B 
2 B B B B B B B B B 
3 B B B B B B B B B 
4 B B B B B B B B B 
5 B B B B B B B B B 
6 B B B B B B B B B 
7 B B B B B B B B B 
8 S S S S S S S S S 
9 B B B S S S S S S 
    
1. Show the seats
2. Buy a ticket
3. Statistics
0. Exit
> 2
Enter a row number:
> 8
Enter a seat number in that row:
> 1
row: 8/9, seat: 1/9
Ticket price: $8 
Cinema:
  1 2 3 4 5 6 7 8 9 
1 S S S S S S B B B 
2 B B B B B B B B B 
3 B B B B B B B B B 
4 B B B B B B B B B 
5 B B B B B B B B B 
6 B B B B B B B B B 
7 B B B B B B B B B 
8 B S S S S S S S S 
9 B B B S S S S S S 
    
1. Show the seats
2. Buy a ticket
3. Statistics
0. Exit
> 2
Enter a row number:
> 8
Enter a seat number in that row:
> 2
row: 8/9, seat: 2/9
Ticket price: $8 
Cinema:
  1 2 3 4 5 6 7 8 9 
1 S S S S S S B B B 
2 B B B B B B B B B 
3 B B B B B B B B B 
4 B B B B B B B B B 
5 B B B B B B B B B 
6 B B B B B B B B B 
7 B B B B B B B B B 
8 B B S S S S S S S 
9 B B B S S S S S S 
    
1. Show the seats
2. Buy a ticket
3. Statistics
0. Exit
> 2
Enter a row number:
> 8
Enter a seat number in that row:
> 3
row: 8/9, seat: 3/9
Ticket price: $8 
Cinema:
  1 2 3 4 5 6 7 8 9 
1 S S S S S S B B B 
2 B B B B B B B B B 
3 B B B B B B B B B 
4 B B B B B B B B B 
5 B B B B B B B B B 
6 B B B B B B B B B 
7 B B B B B B B B B 
8 B B B S S S S S S 
9 B B B S S S S S S 
    
1. Show the seats
2. Buy a ticket
3. Statistics
0. Exit
> 2
Enter a row number:
> 8
Enter a seat number in that row:
> 4
row: 8/9, seat: 4/9
Ticket price: $8 
Cinema:
  1 2 3 4 5 6 7 8 9 
1 S S S S S S B B B 
2 B B B B B B B B B 
3 B B B B B B B B B 
4 B B B B B B B B B 
5 B B B B B B B B B 
6 B B B B B B B B B 
7 B B B B B B B B B 
8 B B B B S S S S S 
9 B B B S S S S S S 
    
1. Show the seats
2. Buy a ticket
3. Statistics
0. Exit
> 2
Enter a row number:
> 8
Enter a seat number in that row:
> 5
row: 8/9, seat: 5/9
Ticket price: $8 
Cinema:
  1 2 3 4 5 6 7 8 9 
1 S S S S S S B B B 
2 B B B B B B B B B 
3 B B B B B B B B B 
4 B B B B B B B B B 
5 B B B B B B B B B 
6 B B B B B B B B B 
7 B B B B B B B B B 
8 B B B B B S S S S 
9 B B B S S S S S S 
    
1. Show the seats
2. Buy a ticket
3. Statistics
0. Exit
> 2
Enter a row number:
> 8
Enter a seat number in that row:
> 6
row: 8/9, seat: 6/9
Ticket price: $8 
Cinema:
  1 2 3 4 5 6 7 8 9 
1 S S S S S S B B B 
2 B B B B B B B B B 
3 B B B B B B B B B 
4 B B B B B B B B B 
5 B B B B B B B B B 
6 B B B B B B B B B 
7 B B B B B B B B B 
8 B B B B B B S S S 
9 B B B S S S S S S 
    
1. Show the seats
2. Buy a ticket
3. Statistics
0. Exit
> 2
Enter a row number:
> 8
Enter a seat number in that row:
> 7
row: 8/9, seat: 7/9
Ticket price: $8 
Cinema:
  1 2 3 4 5 6 7 8 9 
1 S S S S S S B B B 
2 B B B B B B B B B 
3 B B B B B B B B B 
4 B B B B B B B B B 
5 B B B B B B B B B 
6 B B B B B B B B B 
7 B B B B B B B B B 
8 B B B B B B B S S 
9 B B B S S S S S S 
    
1. Show the seats
2. Buy a ticket
3. Statistics
0. Exit
> 2
Enter a row number:
> 8
Enter a seat number in that row:
> 8
row: 8/9, seat: 8/9
Ticket price: $8 
Cinema:
  1 2 3 4 5 6 7 8 9 
1 S S S S S S B B B 
2 B B B B B B B B B 
3 B B B B B B B B B 
4 B B B B B B B B B 
5 B B B B B B B B B 
6 B B B B B B B B B 
7 B B B B B B B B B 
8 B B B B B B B B S 
9 B B B S S S S S S 
    
1. Show the seats
2. Buy a ticket
3. Statistics
0. Exit
> 2
Enter a row number:
> 8
Enter a seat number in that row:
> 9
row: 8/9, seat: 9/9
Ticket price: $8 
Cinema:
  1 2 3 4 5 6 7 8 9 
1 S S S S S S B B B 
2 B B B B B B B B B 
3 B B B B B B B B B 
4 B B B B B B B B B 
5 B B B B B B B B B 
6 B B B B B B B B B 
7 B B B B B B B B B 
8 B B B B B B B B B 
9 B B B S S S S S S 
    
1. Show the seats
2. Buy a ticket
3. Statistics
0. Exit
> 3

Number of purchased tickets: 69
Percentage: 85.19%
Current income: $612
Total income: $720    
1. Show the seats
2. Buy a ticket
3. Statistics
0. Exit
> 2
Enter a row number:
> 1
Enter a seat number in that row:
> 1
row: 1/9, seat: 1/9
Ticket price: $10 
Cinema:
  1 2 3 4 5 6 7 8 9 
1 B S S S S S B B B 
2 B B B B B B B B B 
3 B B B B B B B B B 
4 B B B B B B B B B 
5 B B B B B B B B B 
6 B B B B B B B B B 
7 B B B B B B B B B 
8 B B B B B B B B B 
9 B B B S S S S S S 
    
1. Show the seats
2. Buy a ticket
3. Statistics
0. Exit
> 2
Enter a row number:
> 1
Enter a seat number in that row:
> 2
row: 1/9, seat: 2/9
Ticket price: $10 
Cinema:
  1 2 3 4 5 6 7 8 9 
1 B B S S S S B B B 
2 B B B B B B B B B 
3 B B B B B B B B B 
4 B B B B B B B B B 
5 B B B B B B B B B 
6 B B B B B B B B B 
7 B B B B B B B B B 
8 B B B B B B B B B 
9 B B B S S S S S S 
    
1. Show the seats
2. Buy a ticket
3. Statistics
0. Exit
> 2
Enter a row number:
> 1
Enter a seat number in that row:
> 3
row: 1/9, seat: 3/9
Ticket price: $10 
Cinema:
  1 2 3 4 5 6 7 8 9 
1 B B B S S S B B B 
2 B B B B B B B B B 
3 B B B B B B B B B 
4 B B B B B B B B B 
5 B B B B B B B B B 
6 B B B B B B B B B 
7 B B B B B B B B B 
8 B B B B B B B B B 
9 B B B S S S S S S 
    
1. Show the seats
2. Buy a ticket
3. Statistics
0. Exit
> 2
Enter a row number:
> 1
Enter a seat number in that row:
> 4
row: 1/9, seat: 4/9
Ticket price: $10 
Cinema:
  1 2 3 4 5 6 7 8 9 
1 B B B B S S B B B 
2 B B B B B B B B B 
3 B B B B B B B B B 
4 B B B B B B B B B 
5 B B B B B B B B B 
6 B B B B B B B B B 
7 B B B B B B B B B 
8 B B B B B B B B B 
9 B B B S S S S S S 
    
1. Show the seats
2. Buy a ticket
3. Statistics
0. Exit
> 2
Enter a row number:
> 1
Enter a seat number in that row:
> 5
row: 1/9, seat: 5/9
Ticket price: $10 
Cinema:
  1 2 3 4 5 6 7 8 9 
1 B B B B B S B B B 
2 B B B B B B B B B 
3 B B B B B B B B B 
4 B B B B B B B B B 
5 B B B B B B B B B 
6 B B B B B B B B B 
7 B B B B B B B B B 
8 B B B B B B B B B 
9 B B B S S S S S S 
    
1. Show the seats
2. Buy a ticket
3. Statistics
0. Exit
> 2
Enter a row number:
> 1
Enter a seat number in that row:
> 6
row: 1/9, seat: 6/9
Ticket price: $10 
Cinema:
  1 2 3 4 5 6 7 8 9 
1 B B B B B B B B B 
2 B B B B B B B B B 
3 B B B B B B B B B 
4 B B B B B B B B B 
5 B B B B B B B B B 
6 B B B B B B B B B 
7 B B B B B B B B B 
8 B B B B B B B B B 
9 B B B S S S S S S 
    
1. Show the seats
2. Buy a ticket
3. Statistics
0. Exit
> 1
 
Cinema:
  1 2 3 4 5 6 7 8 9 
1 B B B B B B B B B 
2 B B B B B B B B B 
3 B B B B B B B B B 
4 B B B B B B B B B 
5 B B B B B B B B B 
6 B B B B B B B B B 
7 B B B B B B B B B 
8 B B B B B B B B B 
9 B B B S S S S S S 
    
1. Show the seats
2. Buy a ticket
3. Statistics
0. Exit
> 2
Enter a row number:
> 9
Enter a seat number in that row:
> 4
row: 9/9, seat: 4/9
Ticket price: $8 
Cinema:
  1 2 3 4 5 6 7 8 9 
1 B B B B B B B B B 
2 B B B B B B B B B 
3 B B B B B B B B B 
4 B B B B B B B B B 
5 B B B B B B B B B 
6 B B B B B B B B B 
7 B B B B B B B B B 
8 B B B B B B B B B 
9 B B B B S S S S S 
    
1. Show the seats
2. Buy a ticket
3. Statistics
0. Exit
> 2
Enter a row number:
> 9
Enter a seat number in that row:
> 5
row: 9/9, seat: 5/9
Ticket price: $8 
Cinema:
  1 2 3 4 5 6 7 8 9 
1 B B B B B B B B B 
2 B B B B B B B B B 
3 B B B B B B B B B 
4 B B B B B B B B B 
5 B B B B B B B B B 
6 B B B B B B B B B 
7 B B B B B B B B B 
8 B B B B B B B B B 
9 B B B B B S S S S 
    
1. Show the seats
2. Buy a ticket
3. Statistics
0. Exit
> 2
Enter a row number:
> 9
Enter a seat number in that row:
> 6
row: 9/9, seat: 6/9
Ticket price: $8 
Cinema:
  1 2 3 4 5 6 7 8 9 
1 B B B B B B B B B 
2 B B B B B B B B B 
3 B B B B B B B B B 
4 B B B B B B B B B 
5 B B B B B B B B B 
6 B B B B B B B B B 
7 B B B B B B B B B 
8 B B B B B B B B B 
9 B B B B B B S S S 
    
1. Show the seats
2. Buy a ticket
3. Statistics
0. Exit
> 2
Enter a row number:
> 9
Enter a seat number in that row:
> 7
row: 9/9, seat: 7/9
Ticket price: $8 
Cinema:
  1 2 3 4 5 6 7 8 9 
1 B B B B B B B B B 
2 B B B B B B B B B 
3 B B B B B B B B B 
4 B B B B B B B B B 
5 B B B B B B B B B 
6 B B B B B B B B B 
7 B B B B B B B B B 
8 B B B B B B B B B 
9 B B B B B B B S S 
    
1. Show the seats
2. Buy a ticket
3. Statistics
0. Exit
> 2
Enter a row number:
> 9
Enter a seat number in that row:
> 8
row: 9/9, seat: 8/9
Ticket price: $8 
Cinema:
  1 2 3 4 5 6 7 8 9 
1 B B B B B B B B B 
2 B B B B B B B B B 
3 B B B B B B B B B 
4 B B B B B B B B B 
5 B B B B B B B B B 
6 B B B B B B B B B 
7 B B B B B B B B B 
8 B B B B B B B B B 
9 B B B B B B B B S 
    
1. Show the seats
2. Buy a ticket
3. Statistics
0. Exit
> 2
Enter a row number:
> 9
Enter a seat number in that row:
> 9
row: 9/9, seat: 9/9
Ticket price: $8 
Cinema:
  1 2 3 4 5 6 7 8 9 
1 B B B B B B B B B 
2 B B B B B B B B B 
3 B B B B B B B B B 
4 B B B B B B B B B 
5 B B B B B B B B B 
6 B B B B B B B B B 
7 B B B B B B B B B 
8 B B B B B B B B B 
9 B B B B B B B B B 
    
1. Show the seats
2. Buy a ticket
3. Statistics
0. Exit
> 3

Number of purchased tickets: 81
Percentage: 100.00%
Current income: $720
Total income: $720    
1. Show the seats
2. Buy a ticket
3. Statistics
0. Exit
]]></system-out>
  <system-err><![CDATA[]]></system-err>
</testsuite>
